[INFO ] 2023-06-02 12:50:35.593 [main] UserTestCases - testcreateuser started
[INFO ] 2023-06-02 12:50:38.192 [main] UserTestCases - testcreateuser finished
[INFO ] 2023-06-02 12:50:38.195 [main] UserTestCases - testgetuser started
[INFO ] 2023-06-02 12:50:39.619 [main] UserTestCases - testgetuser finished
[INFO ] 2023-06-02 12:50:39.621 [main] UserTestCases - testupdateuser started
[INFO ] 2023-06-02 12:50:41.028 [main] UserTestCases - testupdateuser finished
[INFO ] 2023-06-02 12:50:41.029 [main] UserTestCases - testdeleteuser started
[INFO ] 2023-06-02 12:50:42.430 [main] UserTestCases - testdeleteuser finished
[INFO ] 2023-06-02 13:04:27.032 [main] UserTestCases - testcreateuser started
[INFO ] 2023-06-02 13:04:29.296 [main] UserTestCases - testcreateuser finished
[INFO ] 2023-06-02 13:18:18.139 [main] UserTestCases - testcreateuser started
[INFO ] 2023-06-02 13:19:57.794 [main] UserTestCases - testcreateuser started
[INFO ] 2023-06-02 13:21:45.739 [main] UserTestCases - testcreateuser started
[INFO ] 2023-06-02 13:22:37.432 [main] UserTestCases - testcreateuser started
[INFO ] 2023-06-02 17:50:53.154 [main] UserTestCases - testgetuser started
[INFO ] 2023-06-02 17:51:58.877 [main] UserTestCases - testcreateuser started
[INFO ] 2023-06-02 17:52:01.118 [main] UserTestCases - testcreateuser finished
[INFO ] 2023-06-02 17:52:01.121 [main] UserTestCases - testgetuser started
[INFO ] 2023-06-02 17:52:02.791 [main] UserTestCases - testgetuser finished
[INFO ] 2023-06-02 18:10:19.990 [main] UserTestCases - testcreateuser started
[INFO ] 2023-06-02 18:10:22.367 [main] UserTestCases - testcreateuser finished
[INFO ] 2023-06-02 18:10:22.377 [main] UserTestCases - testgetuser started
[INFO ] 2023-06-02 18:10:23.964 [main] UserTestCases - testgetuser finished
[INFO ] 2023-06-02 18:10:23.967 [main] UserTestCases - testupdateuser started
[INFO ] 2023-06-02 18:10:25.288 [main] UserTestCases - testupdateuser finished
[INFO ] 2023-06-02 18:10:25.290 [main] UserTestCases - testdeleteuser started
[INFO ] 2023-06-02 18:10:26.634 [main] UserTestCases - testdeleteuser finished
[INFO ] 2023-06-02 23:52:45.070 [main] UserTestCases - testcreateuser started
[INFO ] 2023-06-02 23:52:47.397 [main] UserTestCases - testcreateuser finished
[INFO ] 2023-06-02 23:52:47.405 [main] UserTestCases - testgetuser started
[INFO ] 2023-06-02 23:52:49.166 [main] UserTestCases - testgetuser finished
[INFO ] 2023-06-02 23:52:49.168 [main] UserTestCases - testupdateuser started
[INFO ] 2023-06-02 23:52:50.515 [main] UserTestCases - testupdateuser finished
[INFO ] 2023-06-02 23:52:50.517 [main] UserTestCases - testdeleteuser started
[INFO ] 2023-06-02 23:52:51.856 [main] UserTestCases - testdeleteuser finished
